<?xml version="1.0" encoding="UTF-8"?>
<!-- Generated by org.testng.reporters.JUnitReportReporter -->
<testsuite hostname="DESKTOP-SVPG2HV" failures="0" tests="7" name="org.cart.Cart" time="521.801" errors="0" timestamp="2023-08-05T11:02:54 IST" skipped="0">
  <testcase classname="org.cart.Cart" name="tc1002" time="29.010"/>
  <testcase classname="org.cart.Cart" name="tc1006" time="81.337"/>
  <testcase classname="org.cart.Cart" name="tc1003" time="119.583"/>
  <testcase classname="org.cart.Cart" name="tc1001" time="38.879"/>
  <testcase classname="org.cart.Cart" name="tc1004" time="86.889"/>
  <testcase classname="org.cart.Cart" name="tc1009" time="86.778"/>
  <testcase classname="org.cart.Cart" name="tc1005" time="79.325"/>
</testsuite> <!-- org.cart.Cart -->
